<?xml version="1.0" encoding="UTF-8"?>
<testsuites>
  <testsuite name="fastlane.lanes">
    
    
    
      
      <testcase classname="fastlane.lanes" name="0: cocoapods" time="1.983809">
        
      </testcase>
    
      
      <testcase classname="fastlane.lanes" name="1: git_add" time="0.150369">
        
      </testcase>
    
      
      <testcase classname="fastlane.lanes" name="2: git_commit" time="0.12902">
        
      </testcase>
    
      
      <testcase classname="fastlane.lanes" name="3: push_to_git_remote" time="7.733189">
        
      </testcase>
    
      
      <testcase classname="fastlane.lanes" name="4: git_tag_exists" time="0.02473">
        
      </testcase>
    
      
      <testcase classname="fastlane.lanes" name="5: add_git_tag" time="0.029739">
        
      </testcase>
    
      
      <testcase classname="fastlane.lanes" name="6: push_git_tags" time="5.363951">
        
      </testcase>
    
      
      <testcase classname="fastlane.lanes" name="7: pod_push" time="130.910083">
        
          <failure message="/usr/local/lib/ruby/gems/2.4.0/gems/fastlane-2.63.0/fastlane/lib/fastlane/actions/actions_helper.rb:48:in `execute_action'&#10;/usr/local/lib/ruby/gems/2.4.0/gems/fastlane-2.63.0/fastlane/lib/fastlane/runner.rb:231:in `block in execute_action'&#10;/usr/local/lib/ruby/gems/2.4.0/gems/fastlane-2.63.0/fastlane/lib/fastlane/runner.rb:227:in `chdir'&#10;/usr/local/lib/ruby/gems/2.4.0/gems/fastlane-2.63.0/fastlane/lib/fastlane/runner.rb:227:in `execute_action'&#10;/usr/local/lib/ruby/gems/2.4.0/gems/fastlane-2.63.0/fastlane/lib/fastlane/runner.rb:148:in `trigger_action_by_name'&#10;/usr/local/lib/ruby/gems/2.4.0/gems/fastlane-2.63.0/fastlane/lib/fastlane/fast_file.rb:146:in `method_missing'&#10;Fastfile:55:in `block in parsing_binding'&#10;/usr/local/lib/ruby/gems/2.4.0/gems/fastlane-2.63.0/fastlane/lib/fastlane/lane.rb:33:in `call'&#10;/usr/local/lib/ruby/gems/2.4.0/gems/fastlane-2.63.0/fastlane/lib/fastlane/runner.rb:49:in `block in execute'&#10;/usr/local/lib/ruby/gems/2.4.0/gems/fastlane-2.63.0/fastlane/lib/fastlane/runner.rb:45:in `chdir'&#10;/usr/local/lib/ruby/gems/2.4.0/gems/fastlane-2.63.0/fastlane/lib/fastlane/runner.rb:45:in `execute'&#10;/usr/local/lib/ruby/gems/2.4.0/gems/fastlane-2.63.0/fastlane/lib/fastlane/lane_manager.rb:54:in `cruise_lane'&#10;/usr/local/lib/ruby/gems/2.4.0/gems/fastlane-2.63.0/fastlane/lib/fastlane/command_line_handler.rb:30:in `handle'&#10;/usr/local/lib/ruby/gems/2.4.0/gems/fastlane-2.63.0/fastlane/lib/fastlane/commands_generator.rb:104:in `block (2 levels) in run'&#10;/usr/local/lib/ruby/gems/2.4.0/gems/commander-fastlane-4.4.5/lib/commander/command.rb:178:in `call'&#10;/usr/local/lib/ruby/gems/2.4.0/gems/commander-fastlane-4.4.5/lib/commander/command.rb:153:in `run'&#10;/usr/local/lib/ruby/gems/2.4.0/gems/commander-fastlane-4.4.5/lib/commander/runner.rb:476:in `run_active_command'&#10;/usr/local/lib/ruby/gems/2.4.0/gems/fastlane-2.63.0/fastlane_core/lib/fastlane_core/ui/fastlane_runner.rb:66:in `run!'&#10;/usr/local/lib/ruby/gems/2.4.0/gems/commander-fastlane-4.4.5/lib/commander/delegates.rb:15:in `run!'&#10;/usr/local/lib/ruby/gems/2.4.0/gems/fastlane-2.63.0/fastlane/lib/fastlane/commands_generator.rb:303:in `run'&#10;/usr/local/lib/ruby/gems/2.4.0/gems/fastlane-2.63.0/fastlane/lib/fastlane/commands_generator.rb:42:in `start'&#10;/usr/local/lib/ruby/gems/2.4.0/gems/fastlane-2.63.0/fastlane/lib/fastlane/cli_tools_distributor.rb:66:in `take_off'&#10;/usr/local/lib/ruby/gems/2.4.0/gems/fastlane-2.63.0/bin/fastlane:20:in `&lt;top (required)&gt;'&#10;/usr/local/bin/fastlane:23:in `load'&#10;/usr/local/bin/fastlane:23:in `&lt;main&gt;'&#10;&#10;Exit status of command 'pod trunk push --allow-warnings' was 1 instead of 0.&#10;[32m&#10;[!] Found podspec `MPKit.podspec`[0m&#10;Updating spec repo `master`&#10;&#10;CocoaPods 1.4.0.beta.2 is available.&#10;To update use: `sudo gem install cocoapods --pre`&#10;[!] This is a test version we'd love you to try.&#10;&#10;For more information, see https://blog.cocoapods.org and the CHANGELOG for this version at https://github.com/CocoaPods/CocoaPods/releases/tag/1.4.0.beta.2&#10;&#10;Validating podspec&#10; -&gt; MPKit -&gt; MPKit (0.0.4)&#10;    - ERROR | [iOS] xcodebuild: Returned an unsuccessful exit code. You can use `--verbose` for more information.&#10;    - WARN  | [iOS] xcodebuild:  MPKit/MPKit/Classes/AlertView/YQAlertView.m:102:86: warning: values of type 'NSUInteger' should not be used as format arguments; add an explicit cast to 'unsigned long' instead [-Wformat]&#10;    - WARN  | [iOS] xcodebuild:  MPKit/MPKit/Classes/AlertView/YQAlertView.m:337:132: warning: values of type 'NSInteger' should not be used as format arguments; add an explicit cast to 'long' instead [-Wformat]&#10;    - WARN  | [iOS] xcodebuild:  MPKit/MPKit/Classes/AlertView/YQAlertView.m:343:149: warning: values of type 'NSInteger' should not be used as format arguments; add an explicit cast to 'long' instead [-Wformat]&#10;    - WARN  | [iOS] xcodebuild:  MPKit/MPKit/Classes/AlertView/YQAlertView.m:347:113: warning: values of type 'NSInteger' should not be used as format arguments; add an explicit cast to 'long' instead [-Wformat]&#10;    - WARN  | [iOS] xcodebuild:  MPKit/MPKit/Classes/AlertView/YQAlertView.m:352:106: warning: values of type 'NSInteger' should not be used as format arguments; add an explicit cast to 'long' instead [-Wformat]&#10;    - WARN  | [iOS] xcodebuild:  MPKit/MPKit/Classes/AlertView/YQAlertView.m:389:27: warning: values of type 'NSInteger' should not be used as format arguments; add an explicit cast to 'long' instead [-Wformat]&#10;    - WARN  | [iOS] xcodebuild:  MPKit/MPKit/Classes/AlertView/YQAlertView.m:389:50: warning: values of type 'NSInteger' should not be used as format arguments; add an explicit cast to 'long' instead [-Wformat]&#10;    - WARN  | [iOS] xcodebuild:  MPKit/MPKit/Classes/AlertView/YQAlertView.m:389:74: warning: values of type 'NSInteger' should not be used as format arguments; add an explicit cast to 'long' instead [-Wformat]&#10;    - WARN  | [iOS] xcodebuild:  MPKit/MPKit/Classes/AlertView/YQAlertView.m:398:108: warning: values of type 'NSInteger' should not be used as format arguments; add an explicit cast to 'long' instead [-Wformat]&#10;    - WARN  | [iOS] xcodebuild:  MPKit/MPKit/Classes/AlertView/YQAlertView.m:404:76: warning: values of type 'NSUInteger' should not be used as format arguments; add an explicit cast to 'unsigned long' instead [-Wformat]&#10;    - WARN  | [iOS] xcodebuild:  MPKit/MPKit/Classes/AlertView/YQAlertView.m:411:116: warning: values of type 'NSUInteger' should not be used as format arguments; add an explicit cast to 'unsigned long' instead [-Wformat]&#10;    - NOTE  | xcodebuild:  /Users/mopon/Library/Developer/Xcode/DerivedData/App-amevljqdcvbbcpbhzvxflpdxkeze/Build/Products/Release-iphonesimulator/MPKit/MPKit.framework/Headers/YYQCategories.h:26:9: fatal error: 'UIScrollView+YYQExtension.h' file not found&#10;    - NOTE  | xcodebuild:  /var/folders/mn/sdvvg4mj0ks8lncd9d0tss400000gn/T/CocoaPods-Lint-20171108-59472-xdb63p-MPKit/App/main.m:3:9: fatal error: could not build module 'MPKit'&#10;&#10;[!] The spec did not pass validation, due to 1 error.&#10;" />
        
      </testcase>
    
  </testsuite>
</testsuites>
